
========================================
[EMAIL SEND SIMULATION]
Timestamp: 2026-07-18T07:37:29.695Z
Sender: no-reply@imecon.it
Recipient: info@techsrl.com (Tech S.r.l.)
Subject: [I.Me.Con] Conferma Presa in Carico Procedura di Mediazione - ADR-TEST-NOTIF-002
----------------------------------------
Gentile Tech S.r.l.,

Con la presente Le confermiamo l'effettiva presa in carico della richiesta di mediazione da parte dell'Istituto I.Me.Con.

Dettagli della procedura:
- Numero Protocollo: ADR-TEST-NOTIF-002
- Il Suo ruolo nella procedura: Istante
- Oggetto/Materia della lite: Contratto Commerciale
- Valore della controversia: € Indeterminato

Descrizione dei fatti:
Mancato adempimento termini contrattuali di fornitura merci.

Questa è una comunicazione automatica da un indirizzo non monitorato (no-reply). Si prega di non rispondere a questo messaggio.

Cordiali saluti,
Istituto I.Me.Con.
========================================


========================================
[EMAIL SEND SIMULATION]
Timestamp: 2026-07-18T07:37:29.695Z
Sender: no-reply@imecon.it
Recipient: legal@globalcorp.com (Global Corp)
Subject: [I.Me.Con] Conferma Presa in Carico Procedura di Mediazione - ADR-TEST-NOTIF-002
----------------------------------------
Gentile Global Corp,

Con la presente Le confermiamo l'effettiva presa in carico della richiesta di mediazione da parte dell'Istituto I.Me.Con.

Dettagli della procedura:
- Numero Protocollo: ADR-TEST-NOTIF-002
- Il Suo ruolo nella procedura: Convenuto
- Oggetto/Materia della lite: Contratto Commerciale
- Valore della controversia: € Indeterminato

Descrizione dei fatti:
Mancato adempimento termini contrattuali di fornitura merci.

Questa è una comunicazione automatica da un indirizzo non monitorato (no-reply). Si prega di non rispondere a questo messaggio.

Cordiali saluti,
Istituto I.Me.Con.
========================================


========================================
[SMS SEND SIMULATION]
Timestamp: 2026-07-18T07:37:29.695Z
Sender: I.Me.Con. No-Reply
Recipient: +393334444444 (Global Corp)
----------------------------------------
I.Me.Con. No-Reply: Conferma presa in carico mediazione ADR-TEST-NOTIF-002. Ruolo: Convenuto. Oggetto: Contratto Commerciale. Valore: EUR Indeterminato. Questa è una notifica automatica, si prega di non rispondere.
========================================


========================================
[EMAIL SEND SIMULATION]
Timestamp: 2026-07-18T07:37:29.695Z
Sender: no-reply@imecon.it
Recipient: francesco.neri@studiolegale.it (Avv. Francesco Neri)
Subject: [I.Me.Con] Conferma Presa in Carico Procedura di Mediazione - ADR-TEST-NOTIF-002
----------------------------------------
Gentile Avv. Francesco Neri,

Con la presente Le confermiamo l'effettiva presa in carico della richiesta di mediazione da parte dell'Istituto I.Me.Con.

Dettagli della procedura:
- Numero Protocollo: ADR-TEST-NOTIF-002
- Il Suo ruolo nella procedura: Avvocato Istante
- Oggetto/Materia della lite: Contratto Commerciale
- Valore della controversia: € Indeterminato

Descrizione dei fatti:
Mancato adempimento termini contrattuali di fornitura merci.

Questa è una comunicazione automatica da un indirizzo non monitorato (no-reply). Si prega di non rispondere a questo messaggio.

Cordiali saluti,
Istituto I.Me.Con.
========================================

